<?xml version="1.0" encoding="UTF-8"?>
<!-- Generated by org.testng.reporters.JUnitXMLReporter -->
<testsuite ignored="0" hostname="vm" failures="1" tests="3" name="Command line test" time="0.035" errors="0" timestamp="2026-07-22T13:13:26 UTC">
  <testcase classname="diag.PlainFail" name="alwaysFails" time="0.005">
    <skipped/>
  </testcase> <!-- alwaysFails -->
  <testcase classname="diag.PlainFail" name="alwaysFails" time="0.0">
    <skipped/>
  </testcase> <!-- alwaysFails -->
  <testcase classname="diag.PlainFail" name="alwaysFails" time="0.0">
    <failure type="java.lang.AssertionError" message="boom">
      <![CDATA[java.lang.AssertionError: boom
at diag.PlainFail.alwaysFails(PlainFail.java:5)
at java.base/java.util.ArrayList.forEach(ArrayList.java:1596)
... Removed 25 stack frames]]>
    </failure>
  </testcase> <!-- alwaysFails -->
</testsuite> <!-- Command line test -->
